CMakeFiles/drive_the_robot.dir/src/SKPacket.cpp.o: In function `k4abt::frame::frame(k4abt::frame const&)':
SKPacket.cpp:(.text._ZN5k4abt5frameC2ERKS0_[_ZN5k4abt5frameC5ERKS0_]+0x35): undefined reference to `k4abt_frame_reference'
CMakeFiles/drive_the_robot.dir/src/SKPacket.cpp.o: In function `k4abt::frame::operator=(k4abt::frame const&)':
SKPacket.cpp:(.text._ZN5k4abt5frameaSERKS0_[_ZN5k4abt5frameaSERKS0_]+0x4b): undefined reference to `k4abt_frame_reference'
CMakeFiles/drive_the_robot.dir/src/SKPacket.cpp.o: In function `k4abt::frame::reset()':
SKPacket.cpp:(.text._ZN5k4abt5frame5resetEv[_ZN5k4abt5frame5resetEv]+0x23): undefined reference to `k4abt_frame_release'
CMakeFiles/drive_the_robot.dir/src/SKPRPersonTracker.cpp.o: In function `k4abt::tracker::destroy()':
SKPRPersonTracker.cpp:(.text._ZN5k4abt7tracker7destroyEv[_ZN5k4abt7tracker7destroyEv]+0x23): undefined reference to `k4abt_tracker_destroy'
CMakeFiles/drive_the_robot.dir/src/SKPRPersonTracker.cpp.o: In function `k4abt::tracker::enqueue_capture(k4a::capture, std::chrono::duration<long, std::ratio<1l, 1000l> >)':
SKPRPersonTracker.cpp:(.text._ZN5k4abt7tracker15enqueue_captureEN3k4a7captureENSt6chrono8durationIlSt5ratioILl1ELl1000EEEE[_ZN5k4abt7tracker15enqueue_captureEN3k4a7captureENSt6chrono8durationIlSt5ratioILl1ELl1000EEEE]+0x4e): undefined reference to `k4abt_tracker_enqueue_capture'
CMakeFiles/drive_the_robot.dir/src/SKPRPersonTracker.cpp.o: In function `k4abt::tracker::pop_result(k4abt::frame*, std::chrono::duration<long, std::ratio<1l, 1000l> >) const':
SKPRPersonTracker.cpp:(.text._ZNK5k4abt7tracker10pop_resultEPNS_5frameENSt6chrono8durationIlSt5ratioILl1ELl1000EEEE[_ZNK5k4abt7tracker10pop_resultEPNS_5frameENSt6chrono8durationIlSt5ratioILl1ELl1000EEEE]+0x5a): undefined reference to `k4abt_tracker_pop_result'
CMakeFiles/drive_the_robot.dir/src/SKPRPersonTracker.cpp.o: In function `k4abt::tracker::create(_k4a_calibration_t const&, _k4abt_tracker_configuration_t const&)':
SKPRPersonTracker.cpp:(.text._ZN5k4abt7tracker6createERK18_k4a_calibration_tRK30_k4abt_tracker_configuration_t[_ZN5k4abt7tracker6createERK18_k4a_calibration_tRK30_k4abt_tracker_configuration_t]+0x4d): undefined reference to `k4abt_tracker_create'
CMakeFiles/drive_the_robot.dir/src/SKWrapper.cpp.o: In function `k4a::record::create(char const*, k4a::device const&, _k4a_device_configuration_t const&)':
SKWrapper.cpp:(.text._ZN3k4a6record6createEPKcRKNS_6deviceERK27_k4a_device_configuration_t[_ZN3k4a6record6createEPKcRKNS_6deviceERK27_k4a_device_configuration_t]+0x83): undefined reference to `k4a_record_create'
CMakeFiles/drive_the_robot.dir/src/drive_the_robot.cpp.o: In function `main':
drive_the_robot.cpp:(.text+0x171): undefined reference to `g_thread_init'
collect2: error: ld returned 1 exit status
make[2]: *** [/home/ujjaini/catkin_ws/devel/.private/drive_the_robot/lib/drive_the_robot/drive_the_robot] Error 1
make[1]: *** [CMakeFiles/drive_the_robot.dir/all] Error 2
make: *** [all] Error 2
