In file included from [01m[K/home/ujjaini/catkin_ws/src/drive_the_robot/src/SKPRAprilTag.cpp:1:0[m[K:
[01m[K/home/ujjaini/catkin_ws/src/drive_the_robot/include/SKPRAprilTag.h:5:10:[m[K [01;31m[Kfatal error: [m[Kapriltag/apriltag.h: No such file or directory
 #include [01;31m[K<apriltag/apriltag.h>[m[K
          [01;31m[K^~~~~~~~~~~~~~~~~~~~~[m[K
compilation terminated.
make[2]: *** [CMakeFiles/drive_the_robot.dir/src/SKPRAprilTag.cpp.o] Error 1
make[2]: *** Waiting for unfinished jobs....
[01m[K/home/ujjaini/catkin_ws/src/drive_the_robot/src/MKPPool.cpp:2:10:[m[K [01;31m[Kfatal error: [m[KMKConfig.h: No such file or directory
 #include [01;31m[K"MKConfig.h"[m[K
          [01;31m[K^~~~~~~~~~~~[m[K
compilation terminated.
make[2]: *** [CMakeFiles/drive_the_robot.dir/src/MKPPool.cpp.o] Error 1
In file included from [01m[K/home/ujjaini/catkin_ws/src/drive_the_robot/src/drive_the_robot.cpp:5:0[m[K:
[01m[K/home/ujjaini/catkin_ws/src/drive_the_robot/include/SKPRAprilTag.h:5:10:[m[K [01;31m[Kfatal error: [m[Kapriltag/apriltag.h: No such file or directory
 #include [01;31m[K<apriltag/apriltag.h>[m[K
          [01;31m[K^~~~~~~~~~~~~~~~~~~~~[m[K
compilation terminated.
make[2]: *** [CMakeFiles/drive_the_robot.dir/src/drive_the_robot.cpp.o] Error 1
make[1]: *** [CMakeFiles/drive_the_robot.dir/all] Error 2
make: *** [all] Error 2
