In file included from [01m[K/home/ujjaini/catkin_ws/src/drive_the_robot/src/MKPRSaveFrame.cpp:1:0[m[K:
[01m[K/home/ujjaini/catkin_ws/src/drive_the_robot/include/MKPRSaveFrame.h:4:10:[m[K [01;31m[Kfatal error: [m[KMKPRecipient.h: No such file or directory
 #include [01;31m[K"MKPRecipient.h"[m[K
          [01;31m[K^~~~~~~~~~~~~~~~[m[K
compilation terminated.
make[2]: *** [CMakeFiles/drive_the_robot.dir/src/MKPRSaveFrame.cpp.o] Error 1
make[2]: *** Waiting for unfinished jobs....
In file included from [01m[K/home/ujjaini/catkin_ws/src/drive_the_robot/src/MKPRRecord.cpp:1:0[m[K:
[01m[K/home/ujjaini/catkin_ws/src/drive_the_robot/include/MKPRRecord.h:4:10:[m[K [01;31m[Kfatal error: [m[KMKPRecipient.h: No such file or directory
 #include [01;31m[K"MKPRecipient.h"[m[K
          [01;31m[K^~~~~~~~~~~~~~~~[m[K
compilation terminated.
In file included from [01m[K/home/ujjaini/catkin_ws/src/drive_the_robot/src/MKPRCornerDisplay.cpp:1:0[m[K:
[01m[K/home/ujjaini/catkin_ws/src/drive_the_robot/include/MKPRCornerDisplay.h:4:10:[m[K [01;31m[Kfatal error: [m[KMKPRecipient.h: No such file or directory
 #include [01;31m[K"MKPRecipient.h"[m[K
          [01;31m[K^~~~~~~~~~~~~~~~[m[K
compilation terminated.
make[2]: *** [CMakeFiles/drive_the_robot.dir/src/MKPRCornerDisplay.cpp.o] Error 1
make[2]: *** [CMakeFiles/drive_the_robot.dir/src/MKPRRecord.cpp.o] Error 1
In file included from [01m[K/home/ujjaini/catkin_ws/src/drive_the_robot/src/SKPRAprilTag.cpp:1:0[m[K:
[01m[K/home/ujjaini/catkin_ws/src/drive_the_robot/include/SKPRAprilTag.h:5:10:[m[K [01;31m[Kfatal error: [m[Kapriltag/apriltag.h: No such file or directory
 #include [01;31m[K<apriltag/apriltag.h>[m[K
          [01;31m[K^~~~~~~~~~~~~~~~~~~~~[m[K
compilation terminated.
make[2]: *** [CMakeFiles/drive_the_robot.dir/src/SKPRAprilTag.cpp.o] Error 1
[01m[K/home/ujjaini/catkin_ws/src/drive_the_robot/src/MKPPool.cpp:2:10:[m[K [01;31m[Kfatal error: [m[KMKConfig.h: No such file or directory
 #include [01;31m[K"MKConfig.h"[m[K
          [01;31m[K^~~~~~~~~~~~[m[K
compilation terminated.
make[2]: *** [CMakeFiles/drive_the_robot.dir/src/MKPPool.cpp.o] Error 1
[01m[K/home/ujjaini/catkin_ws/src/drive_the_robot/src/DepthViewer.cpp:7:10:[m[K [01;31m[Kfatal error: [m[KMKPRecipient.h: No such file or directory
 #include [01;31m[K"MKPRecipient.h"[m[K
          [01;31m[K^~~~~~~~~~~~~~~~[m[K
compilation terminated.
make[2]: *** [CMakeFiles/drive_the_robot.dir/src/DepthViewer.cpp.o] Error 1
In file included from [01m[K/home/ujjaini/catkin_ws/src/drive_the_robot/src/Stopwatch.cpp:1:0[m[K:
[01m[K/home/ujjaini/catkin_ws/src/drive_the_robot/include/Stopwatch.h:8:10:[m[K [01;31m[Kfatal error: [m[KMultiKinectPacket.h: No such file or directory
 #include [01;31m[K"MultiKinectPacket.h"[m[K
          [01;31m[K^~~~~~~~~~~~~~~~~~~~~[m[K
compilation terminated.
make[2]: *** [CMakeFiles/drive_the_robot.dir/src/Stopwatch.cpp.o] Error 1
make[1]: *** [CMakeFiles/drive_the_robot.dir/all] Error 2
make: *** [all] Error 2
