Determining if the pthread_create exist failed with the following output:
Change Dir: /home/ujjaini/catkin_ws/build/catkin_tools_prebuild/CMakeFiles/CMakeTmp

Run Build Command:"/usr/bin/make" "cmTC_d7ebe/fast"
/usr/bin/make -f CMakeFiles/cmTC_d7ebe.dir/build.make CMakeFiles/cmTC_d7ebe.dir/build
make[1]: Entering directory '/home/ujjaini/catkin_ws/build/catkin_tools_prebuild/CMakeFiles/CMakeTmp'
Building C object CMakeFiles/cmTC_d7ebe.dir/CheckSymbolExists.c.o
/usr/bin/cc    -o CMakeFiles/cmTC_d7ebe.dir/CheckSymbolExists.c.o   -c /home/ujjaini/catkin_ws/build/catkin_tools_prebuild/CMakeFiles/CMakeTmp/CheckSymbolExists.c
Linking C executable cmTC_d7ebe
/usr/bin/cmake -E cmake_link_script CMakeFiles/cmTC_d7ebe.dir/link.txt --verbose=1
/usr/bin/cc      -rdynamic CMakeFiles/cmTC_d7ebe.dir/CheckSymbolExists.c.o  -o cmTC_d7ebe 
CMakeFiles/cmTC_d7ebe.dir/CheckSymbolExists.c.o: In function `main':
CheckSymbolExists.c:(.text+0x1b): undefined reference to `pthread_create'
collect2: error: ld returned 1 exit status
CMakeFiles/cmTC_d7ebe.dir/build.make:97: recipe for target 'cmTC_d7ebe' failed
make[1]: *** [cmTC_d7ebe] Error 1
make[1]: Leaving directory '/home/ujjaini/catkin_ws/build/catkin_tools_prebuild/CMakeFiles/CMakeTmp'
Makefile:126: recipe for target 'cmTC_d7ebe/fast' failed
make: *** [cmTC_d7ebe/fast] Error 2

File /home/ujjaini/catkin_ws/build/catkin_tools_prebuild/CMakeFiles/CMakeTmp/CheckSymbolExists.c:
/* */
#include <pthread.h>

int main(int argc, char** argv)
{
  (void)argv;
#ifndef pthread_create
  return ((int*)(&pthread_create))[argc];
#else
  (void)argc;
  return 0;
#endif
}

Determining if the function pthread_create exists in the pthreads failed with the following output:
Change Dir: /home/ujjaini/catkin_ws/build/catkin_tools_prebuild/CMakeFiles/CMakeTmp

Run Build Command:"/usr/bin/make" "cmTC_71d3b/fast"
/usr/bin/make -f CMakeFiles/cmTC_71d3b.dir/build.make CMakeFiles/cmTC_71d3b.dir/build
make[1]: Entering directory '/home/ujjaini/catkin_ws/build/catkin_tools_prebuild/CMakeFiles/CMakeTmp'
Building C object CMakeFiles/cmTC_71d3b.dir/CheckFunctionExists.c.o
/usr/bin/cc   -DCHECK_FUNCTION_EXISTS=pthread_create   -o CMakeFiles/cmTC_71d3b.dir/CheckFunctionExists.c.o   -c /usr/share/cmake-3.10/Modules/CheckFunctionExists.c
Linking C executable cmTC_71d3b
/usr/bin/cmake -E cmake_link_script CMakeFiles/cmTC_71d3b.dir/link.txt --verbose=1
/usr/bin/cc  -DCHECK_FUNCTION_EXISTS=pthread_create    -rdynamic CMakeFiles/cmTC_71d3b.dir/CheckFunctionExists.c.o  -o cmTC_71d3b -lpthreads 
/usr/bin/ld: cannot find -lpthreads
collect2: error: ld returned 1 exit status
CMakeFiles/cmTC_71d3b.dir/build.make:97: recipe for target 'cmTC_71d3b' failed
make[1]: *** [cmTC_71d3b] Error 1
make[1]: Leaving directory '/home/ujjaini/catkin_ws/build/catkin_tools_prebuild/CMakeFiles/CMakeTmp'
Makefile:126: recipe for target 'cmTC_71d3b/fast' failed
make: *** [cmTC_71d3b/fast] Error 2


